<?xml version="1.0" encoding="UTF-8"?>
<testsuite xmlns:xsi="http://www.w3.org/2001/XMLSchema-instance" xsi:noNamespaceSchemaLocation="https://maven.apache.org/surefire/maven-surefire-plugin/xsd/surefire-test-report.xsd" name="edu.lambda.LambdaHandlerTest" time="6.986" tests="1" errors="0" skipped="0" failures="0">
  <properties>
    <property name="sun.desktop" value="windows"/>
    <property name="awt.toolkit" value="sun.awt.windows.WToolkit"/>
    <property name="file.encoding.pkg" value="sun.io"/>
    <property name="java.specification.version" value="1.8"/>
    <property name="sun.cpu.isalist" value="amd64"/>
    <property name="sun.jnu.encoding" value="Cp1252"/>
    <property name="java.class.path" value="C:\Users\Lucho\Documents\CODE\quarkus-dynamo-quickstart\lambda-quickstart\target\test-classes;C:\Users\Lucho\Documents\CODE\quarkus-dynamo-quickstart\lambda-quickstart\target\classes;C:\Users\Lucho\.m2\repository\io\quarkus\quarkus-amazon-lambda\1.4.2.Final\quarkus-amazon-lambda-1.4.2.Final.jar;C:\Users\Lucho\.m2\repository\io\quarkus\quarkus-amazon-lambda-common\1.4.2.Final\quarkus-amazon-lambda-common-1.4.2.Final.jar;C:\Users\Lucho\.m2\repository\com\amazonaws\aws-lambda-java-core\1.1.0\aws-lambda-java-core-1.1.0.jar;C:\Users\Lucho\.m2\repository\com\amazonaws\aws-lambda-java-events\2.2.7\aws-lambda-java-events-2.2.7.jar;C:\Users\Lucho\.m2\repository\io\quarkus\quarkus-arc\1.4.2.Final\quarkus-arc-1.4.2.Final.jar;C:\Users\Lucho\.m2\repository\io\quarkus\arc\arc\1.4.2.Final\arc-1.4.2.Final.jar;C:\Users\Lucho\.m2\repository\jakarta\transaction\jakarta.transaction-api\1.3.3\jakarta.transaction-api-1.3.3.jar;C:\Users\Lucho\.m2\repository\org\eclipse\microprofile\context-propagation\microprofile-context-propagation-api\1.0.1\microprofile-context-propagation-api-1.0.1.jar;C:\Users\Lucho\.m2\repository\io\quarkus\quarkus-jackson\1.4.2.Final\quarkus-jackson-1.4.2.Final.jar;C:\Users\Lucho\.m2\repository\com\fasterxml\jackson\core\jackson-databind\2.10.3\jackson-databind-2.10.3.jar;C:\Users\Lucho\.m2\repository\com\fasterxml\jackson\datatype\jackson-datatype-jsr310\2.10.3\jackson-datatype-jsr310-2.10.3.jar;C:\Users\Lucho\.m2\repository\com\fasterxml\jackson\datatype\jackson-datatype-jdk8\2.10.3\jackson-datatype-jdk8-2.10.3.jar;C:\Users\Lucho\.m2\repository\com\fasterxml\jackson\module\jackson-module-parameter-names\2.10.3\jackson-module-parameter-names-2.10.3.jar;C:\Users\Lucho\.m2\repository\com\fasterxml\jackson\datatype\jackson-datatype-joda\2.10.3\jackson-datatype-joda-2.10.3.jar;C:\Users\Lucho\.m2\repository\com\fasterxml\jackson\core\jackson-annotations\2.10.3\jackson-annotations-2.10.3.jar;C:\Users\Lucho\.m2\repository\com\fasterxml\jackson\core\jackson-core\2.10.3\jackson-core-2.10.3.jar;C:\Users\Lucho\.m2\repository\joda-time\joda-time\2.9.9\joda-time-2.9.9.jar;C:\Users\Lucho\.m2\repository\io\quarkus\quarkus-test-amazon-lambda\1.4.2.Final\quarkus-test-amazon-lambda-1.4.2.Final.jar;C:\Users\Lucho\.m2\repository\io\quarkus\quarkus-test-common\1.4.2.Final\quarkus-test-common-1.4.2.Final.jar;C:\Users\Lucho\.m2\repository\io\quarkus\quarkus-core-deployment\1.4.2.Final\quarkus-core-deployment-1.4.2.Final.jar;C:\Users\Lucho\.m2\repository\io\quarkus\gizmo\gizmo\1.0.2.Final\gizmo-1.0.2.Final.jar;C:\Users\Lucho\.m2\repository\org\ow2\asm\asm-util\7.3.1\asm-util-7.3.1.jar;C:\Users\Lucho\.m2\repository\org\ow2\asm\asm-tree\7.3.1\asm-tree-7.3.1.jar;C:\Users\Lucho\.m2\repository\org\ow2\asm\asm-analysis\7.3.1\asm-analysis-7.3.1.jar;C:\Users\Lucho\.m2\repository\io\quarkus\quarkus-builder\1.4.2.Final\quarkus-builder-1.4.2.Final.jar;C:\Users\Lucho\.m2\repository\io\quarkus\quarkus-jsonp-deployment\1.4.2.Final\quarkus-jsonp-deployment-1.4.2.Final.jar;C:\Users\Lucho\.m2\repository\io\quarkus\quarkus-jsonp\1.4.2.Final\quarkus-jsonp-1.4.2.Final.jar;C:\Users\Lucho\.m2\repository\org\glassfish\jakarta.json\1.1.6\jakarta.json-1.1.6.jar;C:\Users\Lucho\.m2\repository\org\jboss\jandex\2.1.3.Final\jandex-2.1.3.Final.jar;C:\Users\Lucho\.m2\repository\org\jboss\logging\commons-logging-jboss-logging\1.0.0.Final\commons-logging-jboss-logging-1.0.0.Final.jar;C:\Users\Lucho\.m2\repository\io\quarkus\http\quarkus-http-core\3.0.7.Final\quarkus-http-core-3.0.7.Final.jar;C:\Users\Lucho\.m2\repository\io\quarkus\http\quarkus-http-http-core\3.0.7.Final\quarkus-http-http-core-3.0.7.Final.jar;C:\Users\Lucho\.m2\repository\io\netty\netty-buffer\4.1.45.Final\netty-buffer-4.1.45.Final.jar;C:\Users\Lucho\.m2\repository\org\jboss\logging\jboss-logging\3.3.2.Final\jboss-logging-3.3.2.Final.jar;C:\Users\Lucho\.m2\repository\io\netty\netty-codec-http\4.1.45.Final\netty-codec-http-4.1.45.Final.jar;C:\Users\Lucho\.m2\repository\io\netty\netty-common\4.1.45.Final\netty-common-4.1.45.Final.jar;C:\Users\Lucho\.m2\repository\io\netty\netty-transport\4.1.45.Final\netty-transport-4.1.45.Final.jar;C:\Users\Lucho\.m2\repository\io\netty\netty-codec\4.1.45.Final\netty-codec-4.1.45.Final.jar;C:\Users\Lucho\.m2\repository\io\netty\netty-handler\4.1.45.Final\netty-handler-4.1.45.Final.jar;C:\Users\Lucho\.m2\repository\io\quarkus\http\quarkus-http-vertx-backend\3.0.7.Final\quarkus-http-vertx-backend-3.0.7.Final.jar;C:\Users\Lucho\.m2\repository\io\vertx\vertx-core\3.8.5\vertx-core-3.8.5.jar;C:\Users\Lucho\.m2\repository\io\netty\netty-handler-proxy\4.1.45.Final\netty-handler-proxy-4.1.45.Final.jar;C:\Users\Lucho\.m2\repository\io\netty\netty-codec-socks\4.1.45.Final\netty-codec-socks-4.1.45.Final.jar;C:\Users\Lucho\.m2\repository\io\netty\netty-codec-http2\4.1.45.Final\netty-codec-http2-4.1.45.Final.jar;C:\Users\Lucho\.m2\repository\io\netty\netty-resolver\4.1.45.Final\netty-resolver-4.1.45.Final.jar;C:\Users\Lucho\.m2\repository\io\netty\netty-resolver-dns\4.1.45.Final\netty-resolver-dns-4.1.45.Final.jar;C:\Users\Lucho\.m2\repository\io\netty\netty-codec-dns\4.1.45.Final\netty-codec-dns-4.1.45.Final.jar;C:\Users\Lucho\.m2\repository\io\quarkus\quarkus-junit5\1.4.2.Final\quarkus-junit5-1.4.2.Final.jar;C:\Users\Lucho\.m2\repository\io\quarkus\quarkus-bootstrap-core\1.4.2.Final\quarkus-bootstrap-core-1.4.2.Final.jar;C:\Users\Lucho\.m2\repository\org\ow2\asm\asm\7.3.1\asm-7.3.1.jar;C:\Users\Lucho\.m2\repository\org\apache\maven\maven-embedder\3.6.3\maven-embedder-3.6.3.jar;C:\Users\Lucho\.m2\repository\org\apache\maven\maven-settings\3.6.3\maven-settings-3.6.3.jar;C:\Users\Lucho\.m2\repository\org\apache\maven\maven-core\3.6.3\maven-core-3.6.3.jar;C:\Users\Lucho\.m2\repository\org\apache\maven\maven-artifact\3.6.3\maven-artifact-3.6.3.jar;C:\Users\Lucho\.m2\repository\org\codehaus\plexus\plexus-component-annotations\2.1.0\plexus-component-annotations-2.1.0.jar;C:\Users\Lucho\.m2\repository\org\apache\maven\maven-plugin-api\3.6.3\maven-plugin-api-3.6.3.jar;C:\Users\Lucho\.m2\repository\org\apache\maven\maven-model\3.6.3\maven-model-3.6.3.jar;C:\Users\Lucho\.m2\repository\org\apache\maven\maven-model-builder\3.6.3\maven-model-builder-3.6.3.jar;C:\Users\Lucho\.m2\repository\org\apache\maven\maven-builder-support\3.6.3\maven-builder-support-3.6.3.jar;C:\Users\Lucho\.m2\repository\org\apache\maven\resolver\maven-resolver-api\1.4.1\maven-resolver-api-1.4.1.jar;C:\Users\Lucho\.m2\repository\org\apache\maven\resolver\maven-resolver-util\1.4.1\maven-resolver-util-1.4.1.jar;C:\Users\Lucho\.m2\repository\org\apache\maven\shared\maven-shared-utils\3.2.1\maven-shared-utils-3.2.1.jar;C:\Users\Lucho\.m2\repository\commons-io\commons-io\2.6\commons-io-2.6.jar;C:\Users\Lucho\.m2\repository\com\google\inject\guice\4.2.1\guice-4.2.1-no_aop.jar;C:\Users\Lucho\.m2\repository\com\google\guava\guava\27.0.1-jre\guava-27.0.1-jre.jar;C:\Users\Lucho\.m2\repository\com\google\guava\failureaccess\1.0.1\failureaccess-1.0.1.jar;C:\Users\Lucho\.m2\repository\com\google\guava\listenablefuture\9999.0-empty-to-avoid-conflict-with-guava\listenablefuture-9999.0-empty-to-avoid-conflict-with-guava.jar;C:\Users\Lucho\.m2\repository\org\codehaus\plexus\plexus-utils\3.2.1\plexus-utils-3.2.1.jar;C:\Users\Lucho\.m2\repository\org\eclipse\sisu\org.eclipse.sisu.plexus\0.3.4\org.eclipse.sisu.plexus-0.3.4.jar;C:\Users\Lucho\.m2\repository\commons-cli\commons-cli\1.4\commons-cli-1.4.jar;C:\Users\Lucho\.m2\repository\org\apache\commons\commons-lang3\3.9\commons-lang3-3.9.jar;C:\Users\Lucho\.m2\repository\org\apache\maven\maven-settings-builder\3.6.3\maven-settings-builder-3.6.3.jar;C:\Users\Lucho\.m2\repository\org\codehaus\plexus\plexus-interpolation\1.25\plexus-interpolation-1.25.jar;C:\Users\Lucho\.m2\repository\org\sonatype\plexus\plexus-sec-dispatcher\1.4\plexus-sec-dispatcher-1.4.jar;C:\Users\Lucho\.m2\repository\org\sonatype\plexus\plexus-cipher\1.4\plexus-cipher-1.4.jar;C:\Users\Lucho\.m2\repository\org\apache\maven\maven-resolver-provider\3.6.3\maven-resolver-provider-3.6.3.jar;C:\Users\Lucho\.m2\repository\org\apache\maven\maven-repository-metadata\3.6.3\maven-repository-metadata-3.6.3.jar;C:\Users\Lucho\.m2\repository\org\apache\maven\resolver\maven-resolver-spi\1.4.1\maven-resolver-spi-1.4.1.jar;C:\Users\Lucho\.m2\repository\org\apache\maven\resolver\maven-resolver-impl\1.4.1\maven-resolver-impl-1.4.1.jar;C:\Users\Lucho\.m2\repository\org\apache\maven\resolver\maven-resolver-connector-basic\1.4.1\maven-resolver-connector-basic-1.4.1.jar;C:\Users\Lucho\.m2\repository\org\apache\maven\resolver\maven-resolver-transport-wagon\1.4.1\maven-resolver-transport-wagon-1.4.1.jar;C:\Users\Lucho\.m2\repository\org\apache\maven\wagon\wagon-http\3.3.4\wagon-http-3.3.4.jar;C:\Users\Lucho\.m2\repository\org\apache\maven\wagon\wagon-http-shared\3.3.4\wagon-http-shared-3.3.4.jar;C:\Users\Lucho\.m2\repository\org\jsoup\jsoup\1.12.1\jsoup-1.12.1.jar;C:\Users\Lucho\.m2\repository\org\apache\httpcomponents\httpclient\4.5.12\httpclient-4.5.12.jar;C:\Users\Lucho\.m2\repository\commons-codec\commons-codec\1.13\commons-codec-1.13.jar;C:\Users\Lucho\.m2\repository\org\apache\httpcomponents\httpcore\4.4.13\httpcore-4.4.13.jar;C:\Users\Lucho\.m2\repository\org\apache\maven\wagon\wagon-provider-api\3.3.4\wagon-provider-api-3.3.4.jar;C:\Users\Lucho\.m2\repository\org\apache\maven\wagon\wagon-file\3.3.4\wagon-file-3.3.4.jar;C:\Users\Lucho\.m2\repository\org\junit\jupiter\junit-jupiter\5.6.2\junit-jupiter-5.6.2.jar;C:\Users\Lucho\.m2\repository\org\junit\jupiter\junit-jupiter-api\5.6.2\junit-jupiter-api-5.6.2.jar;C:\Users\Lucho\.m2\repository\org\apiguardian\apiguardian-api\1.1.0\apiguardian-api-1.1.0.jar;C:\Users\Lucho\.m2\repository\org\opentest4j\opentest4j\1.2.0\opentest4j-1.2.0.jar;C:\Users\Lucho\.m2\repository\org\junit\platform\junit-platform-commons\1.6.2\junit-platform-commons-1.6.2.jar;C:\Users\Lucho\.m2\repository\org\junit\jupiter\junit-jupiter-params\5.6.2\junit-jupiter-params-5.6.2.jar;C:\Users\Lucho\.m2\repository\org\junit\jupiter\junit-jupiter-engine\5.6.2\junit-jupiter-engine-5.6.2.jar;C:\Users\Lucho\.m2\repository\org\junit\platform\junit-platform-engine\1.6.2\junit-platform-engine-1.6.2.jar;C:\Users\Lucho\.m2\repository\io\quarkus\quarkus-core\1.4.2.Final\quarkus-core-1.4.2.Final.jar;C:\Users\Lucho\.m2\repository\jakarta\annotation\jakarta.annotation-api\1.3.5\jakarta.annotation-api-1.3.5.jar;C:\Users\Lucho\.m2\repository\jakarta\enterprise\jakarta.enterprise.cdi-api\2.0.2\jakarta.enterprise.cdi-api-2.0.2.jar;C:\Users\Lucho\.m2\repository\jakarta\el\jakarta.el-api\3.0.3\jakarta.el-api-3.0.3.jar;C:\Users\Lucho\.m2\repository\jakarta\interceptor\jakarta.interceptor-api\1.2.5\jakarta.interceptor-api-1.2.5.jar;C:\Users\Lucho\.m2\repository\jakarta\inject\jakarta.inject-api\1.0\jakarta.inject-api-1.0.jar;C:\Users\Lucho\.m2\repository\io\quarkus\quarkus-ide-launcher\1.4.2.Final\quarkus-ide-launcher-1.4.2.Final.jar;C:\Users\Lucho\.m2\repository\io\quarkus\quarkus-development-mode-spi\1.4.2.Final\quarkus-development-mode-spi-1.4.2.Final.jar;C:\Users\Lucho\.m2\repository\io\smallrye\config\smallrye-config\1.7.0\smallrye-config-1.7.0.jar;C:\Users\Lucho\.m2\repository\io\smallrye\config\smallrye-config-common\1.7.0\smallrye-config-common-1.7.0.jar;C:\Users\Lucho\.m2\repository\org\eclipse\microprofile\config\microprofile-config-api\1.4\microprofile-config-api-1.4.jar;C:\Users\Lucho\.m2\repository\org\jboss\logmanager\jboss-logmanager-embedded\1.0.4\jboss-logmanager-embedded-1.0.4.jar;C:\Users\Lucho\.m2\repository\org\jboss\logging\jboss-logging-annotations\2.1.0.Final\jboss-logging-annotations-2.1.0.Final.jar;C:\Users\Lucho\.m2\repository\org\jboss\threads\jboss-threads\3.1.1.Final\jboss-threads-3.1.1.Final.jar;C:\Users\Lucho\.m2\repository\org\slf4j\slf4j-api\1.7.30\slf4j-api-1.7.30.jar;C:\Users\Lucho\.m2\repository\org\jboss\slf4j\slf4j-jboss-logging\1.2.0.Final\slf4j-jboss-logging-1.2.0.Final.jar;C:\Users\Lucho\.m2\repository\org\graalvm\sdk\graal-sdk\19.3.1\graal-sdk-19.3.1.jar;C:\Users\Lucho\.m2\repository\org\wildfly\common\wildfly-common\1.5.4.Final-format-001\wildfly-common-1.5.4.Final-format-001.jar;"/>
    <property name="java.vm.vendor" value="Oracle Corporation"/>
    <property name="sun.arch.data.model" value="64"/>
    <property name="user.variant" value=""/>
    <property name="java.vendor.url" value="http://java.oracle.com/"/>
    <property name="user.timezone" value="America/Bogota"/>
    <property name="java.vm.specification.version" value="1.8"/>
    <property name="os.name" value="Windows 10"/>
    <property name="user.country" value="US"/>
    <property name="sun.java.launcher" value="SUN_STANDARD"/>
    <property name="sun.boot.library.path" value="C:\Program Files\Java\jdk1.8.0_221\jre\bin"/>
    <property name="sun.java.command" value="C:\Users\Lucho\AppData\Local\Temp\surefire2828788597286190513\surefirebooter2355510799229801938.jar C:\Users\Lucho\AppData\Local\Temp\surefire2828788597286190513 2020-06-01T18-46-10_950-jvmRun1 surefire3796554999342096659tmp surefire_0457652923117718034tmp"/>
    <property name="surefire.test.class.path" value="C:\Users\Lucho\Documents\CODE\quarkus-dynamo-quickstart\lambda-quickstart\target\test-classes;C:\Users\Lucho\Documents\CODE\quarkus-dynamo-quickstart\lambda-quickstart\target\classes;C:\Users\Lucho\.m2\repository\io\quarkus\quarkus-amazon-lambda\1.4.2.Final\quarkus-amazon-lambda-1.4.2.Final.jar;C:\Users\Lucho\.m2\repository\io\quarkus\quarkus-amazon-lambda-common\1.4.2.Final\quarkus-amazon-lambda-common-1.4.2.Final.jar;C:\Users\Lucho\.m2\repository\com\amazonaws\aws-lambda-java-core\1.1.0\aws-lambda-java-core-1.1.0.jar;C:\Users\Lucho\.m2\repository\com\amazonaws\aws-lambda-java-events\2.2.7\aws-lambda-java-events-2.2.7.jar;C:\Users\Lucho\.m2\repository\io\quarkus\quarkus-arc\1.4.2.Final\quarkus-arc-1.4.2.Final.jar;C:\Users\Lucho\.m2\repository\io\quarkus\arc\arc\1.4.2.Final\arc-1.4.2.Final.jar;C:\Users\Lucho\.m2\repository\jakarta\transaction\jakarta.transaction-api\1.3.3\jakarta.transaction-api-1.3.3.jar;C:\Users\Lucho\.m2\repository\org\eclipse\microprofile\context-propagation\microprofile-context-propagation-api\1.0.1\microprofile-context-propagation-api-1.0.1.jar;C:\Users\Lucho\.m2\repository\io\quarkus\quarkus-jackson\1.4.2.Final\quarkus-jackson-1.4.2.Final.jar;C:\Users\Lucho\.m2\repository\com\fasterxml\jackson\core\jackson-databind\2.10.3\jackson-databind-2.10.3.jar;C:\Users\Lucho\.m2\repository\com\fasterxml\jackson\datatype\jackson-datatype-jsr310\2.10.3\jackson-datatype-jsr310-2.10.3.jar;C:\Users\Lucho\.m2\repository\com\fasterxml\jackson\datatype\jackson-datatype-jdk8\2.10.3\jackson-datatype-jdk8-2.10.3.jar;C:\Users\Lucho\.m2\repository\com\fasterxml\jackson\module\jackson-module-parameter-names\2.10.3\jackson-module-parameter-names-2.10.3.jar;C:\Users\Lucho\.m2\repository\com\fasterxml\jackson\datatype\jackson-datatype-joda\2.10.3\jackson-datatype-joda-2.10.3.jar;C:\Users\Lucho\.m2\repository\com\fasterxml\jackson\core\jackson-annotations\2.10.3\jackson-annotations-2.10.3.jar;C:\Users\Lucho\.m2\repository\com\fasterxml\jackson\core\jackson-core\2.10.3\jackson-core-2.10.3.jar;C:\Users\Lucho\.m2\repository\joda-time\joda-time\2.9.9\joda-time-2.9.9.jar;C:\Users\Lucho\.m2\repository\io\quarkus\quarkus-test-amazon-lambda\1.4.2.Final\quarkus-test-amazon-lambda-1.4.2.Final.jar;C:\Users\Lucho\.m2\repository\io\quarkus\quarkus-test-common\1.4.2.Final\quarkus-test-common-1.4.2.Final.jar;C:\Users\Lucho\.m2\repository\io\quarkus\quarkus-core-deployment\1.4.2.Final\quarkus-core-deployment-1.4.2.Final.jar;C:\Users\Lucho\.m2\repository\io\quarkus\gizmo\gizmo\1.0.2.Final\gizmo-1.0.2.Final.jar;C:\Users\Lucho\.m2\repository\org\ow2\asm\asm-util\7.3.1\asm-util-7.3.1.jar;C:\Users\Lucho\.m2\repository\org\ow2\asm\asm-tree\7.3.1\asm-tree-7.3.1.jar;C:\Users\Lucho\.m2\repository\org\ow2\asm\asm-analysis\7.3.1\asm-analysis-7.3.1.jar;C:\Users\Lucho\.m2\repository\io\quarkus\quarkus-builder\1.4.2.Final\quarkus-builder-1.4.2.Final.jar;C:\Users\Lucho\.m2\repository\io\quarkus\quarkus-jsonp-deployment\1.4.2.Final\quarkus-jsonp-deployment-1.4.2.Final.jar;C:\Users\Lucho\.m2\repository\io\quarkus\quarkus-jsonp\1.4.2.Final\quarkus-jsonp-1.4.2.Final.jar;C:\Users\Lucho\.m2\repository\org\glassfish\jakarta.json\1.1.6\jakarta.json-1.1.6.jar;C:\Users\Lucho\.m2\repository\org\jboss\jandex\2.1.3.Final\jandex-2.1.3.Final.jar;C:\Users\Lucho\.m2\repository\org\jboss\logging\commons-logging-jboss-logging\1.0.0.Final\commons-logging-jboss-logging-1.0.0.Final.jar;C:\Users\Lucho\.m2\repository\io\quarkus\http\quarkus-http-core\3.0.7.Final\quarkus-http-core-3.0.7.Final.jar;C:\Users\Lucho\.m2\repository\io\quarkus\http\quarkus-http-http-core\3.0.7.Final\quarkus-http-http-core-3.0.7.Final.jar;C:\Users\Lucho\.m2\repository\io\netty\netty-buffer\4.1.45.Final\netty-buffer-4.1.45.Final.jar;C:\Users\Lucho\.m2\repository\org\jboss\logging\jboss-logging\3.3.2.Final\jboss-logging-3.3.2.Final.jar;C:\Users\Lucho\.m2\repository\io\netty\netty-codec-http\4.1.45.Final\netty-codec-http-4.1.45.Final.jar;C:\Users\Lucho\.m2\repository\io\netty\netty-common\4.1.45.Final\netty-common-4.1.45.Final.jar;C:\Users\Lucho\.m2\repository\io\netty\netty-transport\4.1.45.Final\netty-transport-4.1.45.Final.jar;C:\Users\Lucho\.m2\repository\io\netty\netty-codec\4.1.45.Final\netty-codec-4.1.45.Final.jar;C:\Users\Lucho\.m2\repository\io\netty\netty-handler\4.1.45.Final\netty-handler-4.1.45.Final.jar;C:\Users\Lucho\.m2\repository\io\quarkus\http\quarkus-http-vertx-backend\3.0.7.Final\quarkus-http-vertx-backend-3.0.7.Final.jar;C:\Users\Lucho\.m2\repository\io\vertx\vertx-core\3.8.5\vertx-core-3.8.5.jar;C:\Users\Lucho\.m2\repository\io\netty\netty-handler-proxy\4.1.45.Final\netty-handler-proxy-4.1.45.Final.jar;C:\Users\Lucho\.m2\repository\io\netty\netty-codec-socks\4.1.45.Final\netty-codec-socks-4.1.45.Final.jar;C:\Users\Lucho\.m2\repository\io\netty\netty-codec-http2\4.1.45.Final\netty-codec-http2-4.1.45.Final.jar;C:\Users\Lucho\.m2\repository\io\netty\netty-resolver\4.1.45.Final\netty-resolver-4.1.45.Final.jar;C:\Users\Lucho\.m2\repository\io\netty\netty-resolver-dns\4.1.45.Final\netty-resolver-dns-4.1.45.Final.jar;C:\Users\Lucho\.m2\repository\io\netty\netty-codec-dns\4.1.45.Final\netty-codec-dns-4.1.45.Final.jar;C:\Users\Lucho\.m2\repository\io\quarkus\quarkus-junit5\1.4.2.Final\quarkus-junit5-1.4.2.Final.jar;C:\Users\Lucho\.m2\repository\io\quarkus\quarkus-bootstrap-core\1.4.2.Final\quarkus-bootstrap-core-1.4.2.Final.jar;C:\Users\Lucho\.m2\repository\org\ow2\asm\asm\7.3.1\asm-7.3.1.jar;C:\Users\Lucho\.m2\repository\org\apache\maven\maven-embedder\3.6.3\maven-embedder-3.6.3.jar;C:\Users\Lucho\.m2\repository\org\apache\maven\maven-settings\3.6.3\maven-settings-3.6.3.jar;C:\Users\Lucho\.m2\repository\org\apache\maven\maven-core\3.6.3\maven-core-3.6.3.jar;C:\Users\Lucho\.m2\repository\org\apache\maven\maven-artifact\3.6.3\maven-artifact-3.6.3.jar;C:\Users\Lucho\.m2\repository\org\codehaus\plexus\plexus-component-annotations\2.1.0\plexus-component-annotations-2.1.0.jar;C:\Users\Lucho\.m2\repository\org\apache\maven\maven-plugin-api\3.6.3\maven-plugin-api-3.6.3.jar;C:\Users\Lucho\.m2\repository\org\apache\maven\maven-model\3.6.3\maven-model-3.6.3.jar;C:\Users\Lucho\.m2\repository\org\apache\maven\maven-model-builder\3.6.3\maven-model-builder-3.6.3.jar;C:\Users\Lucho\.m2\repository\org\apache\maven\maven-builder-support\3.6.3\maven-builder-support-3.6.3.jar;C:\Users\Lucho\.m2\repository\org\apache\maven\resolver\maven-resolver-api\1.4.1\maven-resolver-api-1.4.1.jar;C:\Users\Lucho\.m2\repository\org\apache\maven\resolver\maven-resolver-util\1.4.1\maven-resolver-util-1.4.1.jar;C:\Users\Lucho\.m2\repository\org\apache\maven\shared\maven-shared-utils\3.2.1\maven-shared-utils-3.2.1.jar;C:\Users\Lucho\.m2\repository\commons-io\commons-io\2.6\commons-io-2.6.jar;C:\Users\Lucho\.m2\repository\com\google\inject\guice\4.2.1\guice-4.2.1-no_aop.jar;C:\Users\Lucho\.m2\repository\com\google\guava\guava\27.0.1-jre\guava-27.0.1-jre.jar;C:\Users\Lucho\.m2\repository\com\google\guava\failureaccess\1.0.1\failureaccess-1.0.1.jar;C:\Users\Lucho\.m2\repository\com\google\guava\listenablefuture\9999.0-empty-to-avoid-conflict-with-guava\listenablefuture-9999.0-empty-to-avoid-conflict-with-guava.jar;C:\Users\Lucho\.m2\repository\org\codehaus\plexus\plexus-utils\3.2.1\plexus-utils-3.2.1.jar;C:\Users\Lucho\.m2\repository\org\eclipse\sisu\org.eclipse.sisu.plexus\0.3.4\org.eclipse.sisu.plexus-0.3.4.jar;C:\Users\Lucho\.m2\repository\commons-cli\commons-cli\1.4\commons-cli-1.4.jar;C:\Users\Lucho\.m2\repository\org\apache\commons\commons-lang3\3.9\commons-lang3-3.9.jar;C:\Users\Lucho\.m2\repository\org\apache\maven\maven-settings-builder\3.6.3\maven-settings-builder-3.6.3.jar;C:\Users\Lucho\.m2\repository\org\codehaus\plexus\plexus-interpolation\1.25\plexus-interpolation-1.25.jar;C:\Users\Lucho\.m2\repository\org\sonatype\plexus\plexus-sec-dispatcher\1.4\plexus-sec-dispatcher-1.4.jar;C:\Users\Lucho\.m2\repository\org\sonatype\plexus\plexus-cipher\1.4\plexus-cipher-1.4.jar;C:\Users\Lucho\.m2\repository\org\apache\maven\maven-resolver-provider\3.6.3\maven-resolver-provider-3.6.3.jar;C:\Users\Lucho\.m2\repository\org\apache\maven\maven-repository-metadata\3.6.3\maven-repository-metadata-3.6.3.jar;C:\Users\Lucho\.m2\repository\org\apache\maven\resolver\maven-resolver-spi\1.4.1\maven-resolver-spi-1.4.1.jar;C:\Users\Lucho\.m2\repository\org\apache\maven\resolver\maven-resolver-impl\1.4.1\maven-resolver-impl-1.4.1.jar;C:\Users\Lucho\.m2\repository\org\apache\maven\resolver\maven-resolver-connector-basic\1.4.1\maven-resolver-connector-basic-1.4.1.jar;C:\Users\Lucho\.m2\repository\org\apache\maven\resolver\maven-resolver-transport-wagon\1.4.1\maven-resolver-transport-wagon-1.4.1.jar;C:\Users\Lucho\.m2\repository\org\apache\maven\wagon\wagon-http\3.3.4\wagon-http-3.3.4.jar;C:\Users\Lucho\.m2\repository\org\apache\maven\wagon\wagon-http-shared\3.3.4\wagon-http-shared-3.3.4.jar;C:\Users\Lucho\.m2\repository\org\jsoup\jsoup\1.12.1\jsoup-1.12.1.jar;C:\Users\Lucho\.m2\repository\org\apache\httpcomponents\httpclient\4.5.12\httpclient-4.5.12.jar;C:\Users\Lucho\.m2\repository\commons-codec\commons-codec\1.13\commons-codec-1.13.jar;C:\Users\Lucho\.m2\repository\org\apache\httpcomponents\httpcore\4.4.13\httpcore-4.4.13.jar;C:\Users\Lucho\.m2\repository\org\apache\maven\wagon\wagon-provider-api\3.3.4\wagon-provider-api-3.3.4.jar;C:\Users\Lucho\.m2\repository\org\apache\maven\wagon\wagon-file\3.3.4\wagon-file-3.3.4.jar;C:\Users\Lucho\.m2\repository\org\junit\jupiter\junit-jupiter\5.6.2\junit-jupiter-5.6.2.jar;C:\Users\Lucho\.m2\repository\org\junit\jupiter\junit-jupiter-api\5.6.2\junit-jupiter-api-5.6.2.jar;C:\Users\Lucho\.m2\repository\org\apiguardian\apiguardian-api\1.1.0\apiguardian-api-1.1.0.jar;C:\Users\Lucho\.m2\repository\org\opentest4j\opentest4j\1.2.0\opentest4j-1.2.0.jar;C:\Users\Lucho\.m2\repository\org\junit\platform\junit-platform-commons\1.6.2\junit-platform-commons-1.6.2.jar;C:\Users\Lucho\.m2\repository\org\junit\jupiter\junit-jupiter-params\5.6.2\junit-jupiter-params-5.6.2.jar;C:\Users\Lucho\.m2\repository\org\junit\jupiter\junit-jupiter-engine\5.6.2\junit-jupiter-engine-5.6.2.jar;C:\Users\Lucho\.m2\repository\org\junit\platform\junit-platform-engine\1.6.2\junit-platform-engine-1.6.2.jar;C:\Users\Lucho\.m2\repository\io\quarkus\quarkus-core\1.4.2.Final\quarkus-core-1.4.2.Final.jar;C:\Users\Lucho\.m2\repository\jakarta\annotation\jakarta.annotation-api\1.3.5\jakarta.annotation-api-1.3.5.jar;C:\Users\Lucho\.m2\repository\jakarta\enterprise\jakarta.enterprise.cdi-api\2.0.2\jakarta.enterprise.cdi-api-2.0.2.jar;C:\Users\Lucho\.m2\repository\jakarta\el\jakarta.el-api\3.0.3\jakarta.el-api-3.0.3.jar;C:\Users\Lucho\.m2\repository\jakarta\interceptor\jakarta.interceptor-api\1.2.5\jakarta.interceptor-api-1.2.5.jar;C:\Users\Lucho\.m2\repository\jakarta\inject\jakarta.inject-api\1.0\jakarta.inject-api-1.0.jar;C:\Users\Lucho\.m2\repository\io\quarkus\quarkus-ide-launcher\1.4.2.Final\quarkus-ide-launcher-1.4.2.Final.jar;C:\Users\Lucho\.m2\repository\io\quarkus\quarkus-development-mode-spi\1.4.2.Final\quarkus-development-mode-spi-1.4.2.Final.jar;C:\Users\Lucho\.m2\repository\io\smallrye\config\smallrye-config\1.7.0\smallrye-config-1.7.0.jar;C:\Users\Lucho\.m2\repository\io\smallrye\config\smallrye-config-common\1.7.0\smallrye-config-common-1.7.0.jar;C:\Users\Lucho\.m2\repository\org\eclipse\microprofile\config\microprofile-config-api\1.4\microprofile-config-api-1.4.jar;C:\Users\Lucho\.m2\repository\org\jboss\logmanager\jboss-logmanager-embedded\1.0.4\jboss-logmanager-embedded-1.0.4.jar;C:\Users\Lucho\.m2\repository\org\jboss\logging\jboss-logging-annotations\2.1.0.Final\jboss-logging-annotations-2.1.0.Final.jar;C:\Users\Lucho\.m2\repository\org\jboss\threads\jboss-threads\3.1.1.Final\jboss-threads-3.1.1.Final.jar;C:\Users\Lucho\.m2\repository\org\slf4j\slf4j-api\1.7.30\slf4j-api-1.7.30.jar;C:\Users\Lucho\.m2\repository\org\jboss\slf4j\slf4j-jboss-logging\1.2.0.Final\slf4j-jboss-logging-1.2.0.Final.jar;C:\Users\Lucho\.m2\repository\org\graalvm\sdk\graal-sdk\19.3.1\graal-sdk-19.3.1.jar;C:\Users\Lucho\.m2\repository\org\wildfly\common\wildfly-common\1.5.4.Final-format-001\wildfly-common-1.5.4.Final-format-001.jar;"/>
    <property name="sun.cpu.endian" value="little"/>
    <property name="user.home" value="C:\Users\Lucho"/>
    <property name="user.language" value="en"/>
    <property name="java.specification.vendor" value="Oracle Corporation"/>
    <property name="java.home" value="C:\Program Files\Java\jdk1.8.0_221\jre"/>
    <property name="basedir" value="C:\Users\Lucho\Documents\CODE\quarkus-dynamo-quickstart\lambda-quickstart"/>
    <property name="file.separator" value="\"/>
    <property name="line.separator" value="&#10;"/>
    <property name="java.vm.specification.vendor" value="Oracle Corporation"/>
    <property name="java.specification.name" value="Java Platform API Specification"/>
    <property name="java.awt.graphicsenv" value="sun.awt.Win32GraphicsEnvironment"/>
    <property name="surefire.real.class.path" value="C:\Users\Lucho\AppData\Local\Temp\surefire2828788597286190513\surefirebooter2355510799229801938.jar"/>
    <property name="sun.boot.class.path" value="C:\Program Files\Java\jdk1.8.0_221\jre\lib\resources.jar;C:\Program Files\Java\jdk1.8.0_221\jre\lib\rt.jar;C:\Program Files\Java\jdk1.8.0_221\jre\lib\sunrsasign.jar;C:\Program Files\Java\jdk1.8.0_221\jre\lib\jsse.jar;C:\Program Files\Java\jdk1.8.0_221\jre\lib\jce.jar;C:\Program Files\Java\jdk1.8.0_221\jre\lib\charsets.jar;C:\Program Files\Java\jdk1.8.0_221\jre\lib\jfr.jar;C:\Program Files\Java\jdk1.8.0_221\jre\classes"/>
    <property name="user.script" value=""/>
    <property name="sun.management.compiler" value="HotSpot 64-Bit Tiered Compilers"/>
    <property name="java.runtime.version" value="1.8.0_221-b11"/>
    <property name="user.name" value="Lucho"/>
    <property name="path.separator" value=";"/>
    <property name="os.version" value="10.0"/>
    <property name="java.endorsed.dirs" value="C:\Program Files\Java\jdk1.8.0_221\jre\lib\endorsed"/>
    <property name="java.runtime.name" value="Java(TM) SE Runtime Environment"/>
    <property name="file.encoding" value="Cp1252"/>
    <property name="java.vm.name" value="Java HotSpot(TM) 64-Bit Server VM"/>
    <property name="localRepository" value="C:\Users\Lucho\.m2\repository"/>
    <property name="java.vendor.url.bug" value="http://bugreport.sun.com/bugreport/"/>
    <property name="java.io.tmpdir" value="C:\Users\Lucho\AppData\Local\Temp\"/>
    <property name="java.version" value="1.8.0_221"/>
    <property name="user.dir" value="C:\Users\Lucho\Documents\CODE\quarkus-dynamo-quickstart\lambda-quickstart"/>
    <property name="os.arch" value="amd64"/>
    <property name="java.vm.specification.name" value="Java Virtual Machine Specification"/>
    <property name="java.awt.printerjob" value="sun.awt.windows.WPrinterJob"/>
    <property name="sun.os.patch.level" value=""/>
    <property name="java.util.logging.manager" value="org.jboss.logmanager.LogManager"/>
    <property name="java.library.path" value="C:\Program Files\Java\jdk1.8.0_221\jre\bin;C:\Windows\Sun\Java\bin;C:\Windows\system32;C:\Windows;C:\Users\Lucho\bin;C:\Program Files\Git\mingw64\bin;C:\Program Files\Git\usr\local\bin;C:\Program Files\Git\usr\bin;C:\Program Files\Git\usr\bin;C:\Program Files\Git\mingw64\bin;C:\Program Files\Git\usr\bin;C:\Users\Lucho\bin;C:\Program Files (x86)\Common Files\Oracle\Java\javapath;C:\Windows\system32;C:\Windows;C:\Windows\System32\Wbem;C:\Windows\System32\WindowsPowerShell\v1.0;C:\Windows\System32\OpenSSH;C:\Program Files\Git\cmd;C:\Gradle\gradle-5.6.2\bin;C:\terraform;C:\Program Files\Amazon\AWSCLI\bin;C:\Program Files\nodejs;C:\Users\Lucho\apache-maven-3.6.3\bin;C:\Program Files\Java\jdk1.8.0_221\bin;C:\Users\Lucho\Anaconda3;C:\Users\Lucho\Anaconda3\Library\mingw-w64\bin;C:\Users\Lucho\Anaconda3\Library\usr\bin;C:\Users\Lucho\Anaconda3\Library\bin;C:\Users\Lucho\Anaconda3\Scripts;C:\Users\Lucho\AppData\Local\Microsoft\WindowsApps;C:\Users\Lucho\AppData\Local\atom\bin;C:\ProgramData\Lucho\atom\bin;C:\Users\Lucho\AppData\Roaming\npm;C:\Users\Lucho\AppData\Local\Programs\Microsoft VS Code\bin;C:\Program Files\Git\usr\bin\vendor_perl;C:\Program Files\Git\usr\bin\core_perl;."/>
    <property name="java.vm.info" value="mixed mode"/>
    <property name="java.vendor" value="Oracle Corporation"/>
    <property name="java.vm.version" value="25.221-b11"/>
    <property name="java.ext.dirs" value="C:\Program Files\Java\jdk1.8.0_221\jre\lib\ext;C:\Windows\Sun\Java\lib\ext"/>
    <property name="sun.io.unicode.encoding" value="UnicodeLittle"/>
    <property name="java.class.version" value="52.0"/>
  </properties>
  <testcase name="testSimpleLambdaSuccess" classname="edu.lambda.LambdaHandlerTest" time="0.13"/>
</testsuite>